<?xml version="1.0" encoding="UTF-8"?>
<!-- Generated by org.testng.reporters.JUnitReportReporter -->
<testsuite hostname="Arete-GFF00J3" failures="0" tests="1" name="sowlution.SowlutionSmoke" time="81.076" errors="0" timestamp="2023-11-03T10:48:27 IST" skipped="0">
  <testcase classname="sowlution.SowlutionSmoke" name="launch" time="81.076"/>
</testsuite> <!-- sowlution.SowlutionSmoke -->
