<?xml version="1.0" encoding="UTF-8"?>
<!-- Generated by org.testng.reporters.JUnitReportReporter -->
<testsuite hostname="Arete-GFF00J3" failures="0" tests="1" name="scoping.ScopingSmoke" time="87.853" errors="0" timestamp="2023-11-03T10:36:04 IST" skipped="0">
  <testcase classname="scoping.ScopingSmoke" name="launch" time="87.853"/>
</testsuite> <!-- scoping.ScopingSmoke -->
