<?xml version="1.0" encoding="UTF-8"?>
<!-- Generated by org.testng.reporters.JUnitReportReporter -->
<testsuite hostname="Arete-GFF00J3" failures="0" tests="1" name="Practise.First" time="6.617" errors="0" timestamp="2024-05-11T11:54:50 IST" skipped="0">
  <testcase classname="Practise.First" name="name" time="6.617"/>
</testsuite> <!-- Practise.First -->
