<?xml version="1.0" encoding="UTF-8"?>
<!-- Generated by org.testng.reporters.JUnitReportReporter -->
<testsuite hostname="Arete-GFF00J3" failures="0" tests="1" name="partnerPortal.QuoteApp" time="44.806" errors="0" timestamp="2023-11-03T14:09:01 IST" skipped="0">
  <testcase classname="partnerPortal.QuoteApp" name="launch" time="44.806"/>
</testsuite> <!-- partnerPortal.QuoteApp -->
