<?xml version="1.0" encoding="UTF-8"?>
<!-- Generated by org.testng.reporters.JUnitReportReporter -->
<testsuite hostname="Arete-GFF00J3" failures="0" tests="1" name="Practise.SumValidation" time="1.142" errors="0" timestamp="2024-05-11T16:14:33 IST" skipped="0">
  <testcase classname="Practise.SumValidation" name="sumOfCourses" time="1.142"/>
</testsuite> <!-- Practise.SumValidation -->
